INFO  Start processing
INFO  Hexo is running at http://localhost:4000/. Press Ctrl+C to stop.
INFO  Start processing
INFO  Hexo is running at http://localhost:4000/. Press Ctrl+C to stop.
INFO  Start processing
INFO  Hexo is running at http://localhost:4000/. Press Ctrl+C to stop.
INFO  Start processing
INFO  Hexo is running at http://localhost:4000/. Press Ctrl+C to stop.
Unhandled rejection WarehouseError: ID `source/images/pasted-0.png` has been used
    at new WarehouseError (/home/git_hub/blog/zjy/node_modules/warehouse/lib/error.js:17:11)
    at Model._insertOne (/home/git_hub/blog/zjy/node_modules/warehouse/lib/model.js:185:27)
    at /home/git_hub/blog/zjy/node_modules/warehouse/lib/model.js:214:17
    at tryCatcher (/home/git_hub/blog/zjy/node_modules/bluebird/js/release/util.js:16:23)
    at /home/git_hub/blog/zjy/node_modules/bluebird/js/release/using.js:185:26
    at tryCatcher (/home/git_hub/blog/zjy/node_modules/bluebird/js/release/util.js:16:23)
    at Promise._settlePromiseFromHandler (/home/git_hub/blog/zjy/node_modules/bluebird/js/release/promise.js:512:31)
    at Promise._settlePromise (/home/git_hub/blog/zjy/node_modules/bluebird/js/release/promise.js:569:18)
    at Promise._settlePromise0 (/home/git_hub/blog/zjy/node_modules/bluebird/js/release/promise.js:614:10)
    at Promise._settlePromises (/home/git_hub/blog/zjy/node_modules/bluebird/js/release/promise.js:693:18)
    at Promise._fulfill (/home/git_hub/blog/zjy/node_modules/bluebird/js/release/promise.js:638:18)
    at PromiseArray._resolve (/home/git_hub/blog/zjy/node_modules/bluebird/js/release/promise_array.js:126:19)
    at PromiseArray._promiseFulfilled (/home/git_hub/blog/zjy/node_modules/bluebird/js/release/promise_array.js:144:14)
    at Promise._settlePromise (/home/git_hub/blog/zjy/node_modules/bluebird/js/release/promise.js:574:26)
    at Promise._settlePromise0 (/home/git_hub/blog/zjy/node_modules/bluebird/js/release/promise.js:614:10)
    at Promise._settlePromises (/home/git_hub/blog/zjy/node_modules/bluebird/js/release/promise.js:693:18)
    at Async._drainQueue (/home/git_hub/blog/zjy/node_modules/bluebird/js/release/async.js:133:16)
    at Async._drainQueues (/home/git_hub/blog/zjy/node_modules/bluebird/js/release/async.js:143:10)
    at Immediate.Async.drainQueues (/home/git_hub/blog/zjy/node_modules/bluebird/js/release/async.js:17:14)
    at runCallback (timers.js:666:20)
    at tryOnImmediate (timers.js:639:5)
    at processImmediate [as _immediateCallback] (timers.js:611:5)
INFO  Start processing
INFO  Hexo is running at http://localhost:4000/. Press Ctrl+C to stop.
TypeError: The header content contains invalid characters
    at ServerResponse.OutgoingMessage.setHeader (_http_outgoing.js:360:11)
    at /home/git_hub/blog/zjy/node_modules/hexo-server/lib/middlewares/route.js:27:11
    at call (/home/git_hub/blog/zjy/node_modules/connect/index.js:239:7)
    at next (/home/git_hub/blog/zjy/node_modules/connect/index.js:183:5)
    at /home/git_hub/blog/zjy/node_modules/hexo-server/lib/middlewares/header.js:9:5
    at call (/home/git_hub/blog/zjy/node_modules/connect/index.js:239:7)
    at next (/home/git_hub/blog/zjy/node_modules/connect/index.js:183:5)
    at next (/home/git_hub/blog/zjy/node_modules/connect/index.js:161:14)
    at next (/home/git_hub/blog/zjy/node_modules/connect/index.js:161:14)
    at next (/home/git_hub/blog/zjy/node_modules/connect/index.js:161:14)
    at next (/home/git_hub/blog/zjy/node_modules/connect/index.js:161:14)
    at next (/home/git_hub/blog/zjy/node_modules/connect/index.js:161:14)
    at next (/home/git_hub/blog/zjy/node_modules/connect/index.js:161:14)
    at next (/home/git_hub/blog/zjy/node_modules/connect/index.js:161:14)
    at next (/home/git_hub/blog/zjy/node_modules/connect/index.js:161:14)
    at next (/home/git_hub/blog/zjy/node_modules/connect/index.js:161:14)
    at next (/home/git_hub/blog/zjy/node_modules/connect/index.js:161:14)
    at next (/home/git_hub/blog/zjy/node_modules/connect/index.js:161:14)
    at next (/home/git_hub/blog/zjy/node_modules/connect/index.js:161:14)
    at next (/home/git_hub/blog/zjy/node_modules/connect/index.js:161:14)
    at Function.handle (/home/git_hub/blog/zjy/node_modules/connect/index.js:186:3)
    at Server.app (/home/git_hub/blog/zjy/node_modules/connect/index.js:51:37)
TypeError: The header content contains invalid characters
    at ServerResponse.OutgoingMessage.setHeader (_http_outgoing.js:360:11)
    at /home/git_hub/blog/zjy/node_modules/hexo-server/lib/middlewares/route.js:27:11
    at call (/home/git_hub/blog/zjy/node_modules/connect/index.js:239:7)
    at next (/home/git_hub/blog/zjy/node_modules/connect/index.js:183:5)
    at /home/git_hub/blog/zjy/node_modules/hexo-server/lib/middlewares/header.js:9:5
    at call (/home/git_hub/blog/zjy/node_modules/connect/index.js:239:7)
    at next (/home/git_hub/blog/zjy/node_modules/connect/index.js:183:5)
    at next (/home/git_hub/blog/zjy/node_modules/connect/index.js:161:14)
    at next (/home/git_hub/blog/zjy/node_modules/connect/index.js:161:14)
    at next (/home/git_hub/blog/zjy/node_modules/connect/index.js:161:14)
    at next (/home/git_hub/blog/zjy/node_modules/connect/index.js:161:14)
    at next (/home/git_hub/blog/zjy/node_modules/connect/index.js:161:14)
    at next (/home/git_hub/blog/zjy/node_modules/connect/index.js:161:14)
    at next (/home/git_hub/blog/zjy/node_modules/connect/index.js:161:14)
    at next (/home/git_hub/blog/zjy/node_modules/connect/index.js:161:14)
    at next (/home/git_hub/blog/zjy/node_modules/connect/index.js:161:14)
    at next (/home/git_hub/blog/zjy/node_modules/connect/index.js:161:14)
    at next (/home/git_hub/blog/zjy/node_modules/connect/index.js:161:14)
    at next (/home/git_hub/blog/zjy/node_modules/connect/index.js:161:14)
    at next (/home/git_hub/blog/zjy/node_modules/connect/index.js:161:14)
    at Function.handle (/home/git_hub/blog/zjy/node_modules/connect/index.js:186:3)
    at Server.app (/home/git_hub/blog/zjy/node_modules/connect/index.js:51:37)
TypeError: The header content contains invalid characters
    at ServerResponse.OutgoingMessage.setHeader (_http_outgoing.js:360:11)
    at /home/git_hub/blog/zjy/node_modules/hexo-server/lib/middlewares/route.js:27:11
    at call (/home/git_hub/blog/zjy/node_modules/connect/index.js:239:7)
    at next (/home/git_hub/blog/zjy/node_modules/connect/index.js:183:5)
    at /home/git_hub/blog/zjy/node_modules/hexo-server/lib/middlewares/header.js:9:5
    at call (/home/git_hub/blog/zjy/node_modules/connect/index.js:239:7)
    at next (/home/git_hub/blog/zjy/node_modules/connect/index.js:183:5)
    at next (/home/git_hub/blog/zjy/node_modules/connect/index.js:161:14)
    at next (/home/git_hub/blog/zjy/node_modules/connect/index.js:161:14)
    at next (/home/git_hub/blog/zjy/node_modules/connect/index.js:161:14)
    at next (/home/git_hub/blog/zjy/node_modules/connect/index.js:161:14)
    at next (/home/git_hub/blog/zjy/node_modules/connect/index.js:161:14)
    at next (/home/git_hub/blog/zjy/node_modules/connect/index.js:161:14)
    at next (/home/git_hub/blog/zjy/node_modules/connect/index.js:161:14)
    at next (/home/git_hub/blog/zjy/node_modules/connect/index.js:161:14)
    at next (/home/git_hub/blog/zjy/node_modules/connect/index.js:161:14)
    at next (/home/git_hub/blog/zjy/node_modules/connect/index.js:161:14)
    at next (/home/git_hub/blog/zjy/node_modules/connect/index.js:161:14)
    at next (/home/git_hub/blog/zjy/node_modules/connect/index.js:161:14)
    at next (/home/git_hub/blog/zjy/node_modules/connect/index.js:161:14)
    at Function.handle (/home/git_hub/blog/zjy/node_modules/connect/index.js:186:3)
    at Server.app (/home/git_hub/blog/zjy/node_modules/connect/index.js:51:37)
INFO  Start processing
INFO  Hexo is running at http://localhost:4000/. Press Ctrl+C to stop.
TypeError: The header content contains invalid characters
    at ServerResponse.OutgoingMessage.setHeader (_http_outgoing.js:360:11)
    at /home/git_hub/blog/zjy/node_modules/hexo-server/lib/middlewares/route.js:27:11
    at call (/home/git_hub/blog/zjy/node_modules/connect/index.js:239:7)
    at next (/home/git_hub/blog/zjy/node_modules/connect/index.js:183:5)
    at /home/git_hub/blog/zjy/node_modules/hexo-server/lib/middlewares/header.js:9:5
    at call (/home/git_hub/blog/zjy/node_modules/connect/index.js:239:7)
    at next (/home/git_hub/blog/zjy/node_modules/connect/index.js:183:5)
    at next (/home/git_hub/blog/zjy/node_modules/connect/index.js:161:14)
    at next (/home/git_hub/blog/zjy/node_modules/connect/index.js:161:14)
    at next (/home/git_hub/blog/zjy/node_modules/connect/index.js:161:14)
    at next (/home/git_hub/blog/zjy/node_modules/connect/index.js:161:14)
    at next (/home/git_hub/blog/zjy/node_modules/connect/index.js:161:14)
    at next (/home/git_hub/blog/zjy/node_modules/connect/index.js:161:14)
    at next (/home/git_hub/blog/zjy/node_modules/connect/index.js:161:14)
    at next (/home/git_hub/blog/zjy/node_modules/connect/index.js:161:14)
    at next (/home/git_hub/blog/zjy/node_modules/connect/index.js:161:14)
    at next (/home/git_hub/blog/zjy/node_modules/connect/index.js:161:14)
    at next (/home/git_hub/blog/zjy/node_modules/connect/index.js:161:14)
    at next (/home/git_hub/blog/zjy/node_modules/connect/index.js:161:14)
    at next (/home/git_hub/blog/zjy/node_modules/connect/index.js:161:14)
    at Function.handle (/home/git_hub/blog/zjy/node_modules/connect/index.js:186:3)
    at Server.app (/home/git_hub/blog/zjy/node_modules/connect/index.js:51:37)
INFO  Start processing
INFO  Hexo is running at http://localhost:4000/. Press Ctrl+C to stop.
TypeError: The header content contains invalid characters
    at ServerResponse.OutgoingMessage.setHeader (_http_outgoing.js:360:11)
    at /home/git_hub/blog/zjy/node_modules/hexo-server/lib/middlewares/route.js:27:11
    at call (/home/git_hub/blog/zjy/node_modules/connect/index.js:239:7)
    at next (/home/git_hub/blog/zjy/node_modules/connect/index.js:183:5)
    at /home/git_hub/blog/zjy/node_modules/hexo-server/lib/middlewares/header.js:9:5
    at call (/home/git_hub/blog/zjy/node_modules/connect/index.js:239:7)
    at next (/home/git_hub/blog/zjy/node_modules/connect/index.js:183:5)
    at next (/home/git_hub/blog/zjy/node_modules/connect/index.js:161:14)
    at next (/home/git_hub/blog/zjy/node_modules/connect/index.js:161:14)
    at next (/home/git_hub/blog/zjy/node_modules/connect/index.js:161:14)
    at next (/home/git_hub/blog/zjy/node_modules/connect/index.js:161:14)
    at next (/home/git_hub/blog/zjy/node_modules/connect/index.js:161:14)
    at next (/home/git_hub/blog/zjy/node_modules/connect/index.js:161:14)
    at next (/home/git_hub/blog/zjy/node_modules/connect/index.js:161:14)
    at next (/home/git_hub/blog/zjy/node_modules/connect/index.js:161:14)
    at next (/home/git_hub/blog/zjy/node_modules/connect/index.js:161:14)
    at next (/home/git_hub/blog/zjy/node_modules/connect/index.js:161:14)
    at next (/home/git_hub/blog/zjy/node_modules/connect/index.js:161:14)
    at next (/home/git_hub/blog/zjy/node_modules/connect/index.js:161:14)
    at next (/home/git_hub/blog/zjy/node_modules/connect/index.js:161:14)
    at Function.handle (/home/git_hub/blog/zjy/node_modules/connect/index.js:186:3)
    at Server.app (/home/git_hub/blog/zjy/node_modules/connect/index.js:51:37)
TypeError: The header content contains invalid characters
    at ServerResponse.OutgoingMessage.setHeader (_http_outgoing.js:360:11)
    at /home/git_hub/blog/zjy/node_modules/hexo-server/lib/middlewares/route.js:27:11
    at call (/home/git_hub/blog/zjy/node_modules/connect/index.js:239:7)
    at next (/home/git_hub/blog/zjy/node_modules/connect/index.js:183:5)
    at /home/git_hub/blog/zjy/node_modules/hexo-server/lib/middlewares/header.js:9:5
    at call (/home/git_hub/blog/zjy/node_modules/connect/index.js:239:7)
    at next (/home/git_hub/blog/zjy/node_modules/connect/index.js:183:5)
    at next (/home/git_hub/blog/zjy/node_modules/connect/index.js:161:14)
    at next (/home/git_hub/blog/zjy/node_modules/connect/index.js:161:14)
    at next (/home/git_hub/blog/zjy/node_modules/connect/index.js:161:14)
    at next (/home/git_hub/blog/zjy/node_modules/connect/index.js:161:14)
    at next (/home/git_hub/blog/zjy/node_modules/connect/index.js:161:14)
    at next (/home/git_hub/blog/zjy/node_modules/connect/index.js:161:14)
    at next (/home/git_hub/blog/zjy/node_modules/connect/index.js:161:14)
    at next (/home/git_hub/blog/zjy/node_modules/connect/index.js:161:14)
    at next (/home/git_hub/blog/zjy/node_modules/connect/index.js:161:14)
    at next (/home/git_hub/blog/zjy/node_modules/connect/index.js:161:14)
    at next (/home/git_hub/blog/zjy/node_modules/connect/index.js:161:14)
    at next (/home/git_hub/blog/zjy/node_modules/connect/index.js:161:14)
    at next (/home/git_hub/blog/zjy/node_modules/connect/index.js:161:14)
    at Function.handle (/home/git_hub/blog/zjy/node_modules/connect/index.js:186:3)
    at Server.app (/home/git_hub/blog/zjy/node_modules/connect/index.js:51:37)
INFO  Start processing
INFO  Hexo is running at http://localhost:4000/. Press Ctrl+C to stop.
TypeError: The header content contains invalid characters
    at ServerResponse.OutgoingMessage.setHeader (_http_outgoing.js:360:11)
    at /home/git_hub/blog/zjy/node_modules/hexo-server/lib/middlewares/route.js:27:11
    at call (/home/git_hub/blog/zjy/node_modules/connect/index.js:239:7)
    at next (/home/git_hub/blog/zjy/node_modules/connect/index.js:183:5)
    at /home/git_hub/blog/zjy/node_modules/hexo-server/lib/middlewares/header.js:9:5
    at call (/home/git_hub/blog/zjy/node_modules/connect/index.js:239:7)
    at next (/home/git_hub/blog/zjy/node_modules/connect/index.js:183:5)
    at next (/home/git_hub/blog/zjy/node_modules/connect/index.js:161:14)
    at next (/home/git_hub/blog/zjy/node_modules/connect/index.js:161:14)
    at next (/home/git_hub/blog/zjy/node_modules/connect/index.js:161:14)
    at next (/home/git_hub/blog/zjy/node_modules/connect/index.js:161:14)
    at next (/home/git_hub/blog/zjy/node_modules/connect/index.js:161:14)
    at next (/home/git_hub/blog/zjy/node_modules/connect/index.js:161:14)
    at next (/home/git_hub/blog/zjy/node_modules/connect/index.js:161:14)
    at next (/home/git_hub/blog/zjy/node_modules/connect/index.js:161:14)
    at next (/home/git_hub/blog/zjy/node_modules/connect/index.js:161:14)
    at next (/home/git_hub/blog/zjy/node_modules/connect/index.js:161:14)
    at next (/home/git_hub/blog/zjy/node_modules/connect/index.js:161:14)
    at next (/home/git_hub/blog/zjy/node_modules/connect/index.js:161:14)
    at SendStream.error (/home/git_hub/blog/zjy/node_modules/serve-static/index.js:121:7)
    at emitOne (events.js:96:13)
    at SendStream.emit (events.js:188:7)
TypeError: The header content contains invalid characters
    at ServerResponse.OutgoingMessage.setHeader (_http_outgoing.js:360:11)
    at /home/git_hub/blog/zjy/node_modules/hexo-server/lib/middlewares/route.js:27:11
    at call (/home/git_hub/blog/zjy/node_modules/connect/index.js:239:7)
    at next (/home/git_hub/blog/zjy/node_modules/connect/index.js:183:5)
    at /home/git_hub/blog/zjy/node_modules/hexo-server/lib/middlewares/header.js:9:5
    at call (/home/git_hub/blog/zjy/node_modules/connect/index.js:239:7)
    at next (/home/git_hub/blog/zjy/node_modules/connect/index.js:183:5)
    at next (/home/git_hub/blog/zjy/node_modules/connect/index.js:161:14)
    at next (/home/git_hub/blog/zjy/node_modules/connect/index.js:161:14)
    at next (/home/git_hub/blog/zjy/node_modules/connect/index.js:161:14)
    at next (/home/git_hub/blog/zjy/node_modules/connect/index.js:161:14)
    at next (/home/git_hub/blog/zjy/node_modules/connect/index.js:161:14)
    at next (/home/git_hub/blog/zjy/node_modules/connect/index.js:161:14)
    at next (/home/git_hub/blog/zjy/node_modules/connect/index.js:161:14)
    at next (/home/git_hub/blog/zjy/node_modules/connect/index.js:161:14)
    at next (/home/git_hub/blog/zjy/node_modules/connect/index.js:161:14)
    at next (/home/git_hub/blog/zjy/node_modules/connect/index.js:161:14)
    at next (/home/git_hub/blog/zjy/node_modules/connect/index.js:161:14)
    at next (/home/git_hub/blog/zjy/node_modules/connect/index.js:161:14)
    at SendStream.error (/home/git_hub/blog/zjy/node_modules/serve-static/index.js:121:7)
    at emitOne (events.js:96:13)
    at SendStream.emit (events.js:188:7)
INFO  Start processing
update link as:-->/2017/05/05/active_mq/index.png
update link as:-->/2017/05/05/active_mq/user.png
update link as:-->/2017/05/05/active_mq/index.png
update link as:-->/2017/05/05/active_mq/user.png
update link as:-->/2017/04/25/first/images/tom.png
update link as:-->/2017/04/25/first/images/tom.png
update link as:-->/2017/12/15/mybatis-generator-源码浅析与修改/images/mybatis_mapper.png
update link as:-->/2017/12/15/mybatis-generator-源码浅析与修改/images/mybatis_mapper.png
update link as:-->/2016/05/03/nginx/1.png
update link as:-->/2016/05/03/nginx/2.png
update link as:-->/2016/05/03/nginx/3.png
update link as:-->/2016/05/03/nginx/4.png
update link as:-->/2016/05/03/nginx/5.png
update link as:-->/2016/05/03/nginx/6.png
update link as:-->/2016/05/03/nginx/7.png
update link as:-->/2016/05/03/nginx/1.png
update link as:-->/2016/05/03/nginx/2.png
update link as:-->/2016/05/03/nginx/3.png
update link as:-->/2016/05/03/nginx/4.png
update link as:-->/2016/05/03/nginx/5.png
update link as:-->/2016/05/03/nginx/6.png
update link as:-->/2016/05/03/nginx/7.png
update link as:-->/2017/05/05/mysql/1.png
update link as:-->/2017/05/05/mysql/2.png
update link as:-->/2017/05/05/mysql/3.png
update link as:-->/2017/05/05/mysql/1.png
update link as:-->/2017/05/05/mysql/2.png
update link as:-->/2017/05/05/mysql/3.png
update link as:-->/2018/05/08/批处理脚本初识/jiegou.png
update link as:-->/2018/05/08/批处理脚本初识/jiegou.png
update link as:-->/2016/05/03/state_design_pattern/1.png
update link as:-->/2016/05/03/state_design_pattern/2.png
update link as:-->/2016/05/03/state_design_pattern/3.png
update link as:-->/2016/05/03/state_design_pattern/4.png
update link as:-->/2016/05/03/state_design_pattern/1.png
update link as:-->/2016/05/03/state_design_pattern/2.png
update link as:-->/2016/05/03/state_design_pattern/3.png
update link as:-->/2016/05/03/state_design_pattern/4.png
update link as:-->/2017/05/05/timeDocker/1.png
update link as:-->/2017/05/05/timeDocker/2.png
update link as:-->/2017/05/05/timeDocker/3.png
update link as:-->/2017/05/05/timeDocker/4.png
update link as:-->/2017/05/05/timeDocker/5.png
update link as:-->/2017/05/05/timeDocker/1.png
update link as:-->/2017/05/05/timeDocker/2.png
update link as:-->/2017/05/05/timeDocker/3.png
update link as:-->/2017/05/05/timeDocker/4.png
update link as:-->/2017/05/05/timeDocker/5.png
INFO  Hexo is running at http://localhost:4000/. Press Ctrl+C to stop.
Unhandled rejection Template render error: (unknown path)
  Error: unexpected end of comment
    at Object.exports.prettifyError (/home/git_hub/blog/zjy/node_modules/nunjucks/src/lib.js:34:15)
    at new_cls.render (/home/git_hub/blog/zjy/node_modules/nunjucks/src/environment.js:469:27)
    at new_cls.renderString (/home/git_hub/blog/zjy/node_modules/nunjucks/src/environment.js:327:21)
    at /home/git_hub/blog/zjy/node_modules/hexo/lib/extend/tag.js:66:9
    at Promise._execute (/home/git_hub/blog/zjy/node_modules/bluebird/js/release/debuggability.js:300:9)
    at Promise._resolveFromExecutor (/home/git_hub/blog/zjy/node_modules/bluebird/js/release/promise.js:483:18)
    at new Promise (/home/git_hub/blog/zjy/node_modules/bluebird/js/release/promise.js:79:10)
    at Tag.render (/home/git_hub/blog/zjy/node_modules/hexo/lib/extend/tag.js:64:10)
    at Object.tagFilter [as onRenderEnd] (/home/git_hub/blog/zjy/node_modules/hexo/lib/hexo/post.js:253:16)
    at /home/git_hub/blog/zjy/node_modules/hexo/lib/hexo/render.js:65:19
    at tryCatcher (/home/git_hub/blog/zjy/node_modules/bluebird/js/release/util.js:16:23)
    at Promise._settlePromiseFromHandler (/home/git_hub/blog/zjy/node_modules/bluebird/js/release/promise.js:512:31)
    at Promise._settlePromise (/home/git_hub/blog/zjy/node_modules/bluebird/js/release/promise.js:569:18)
    at Promise._settlePromise0 (/home/git_hub/blog/zjy/node_modules/bluebird/js/release/promise.js:614:10)
    at Promise._settlePromises (/home/git_hub/blog/zjy/node_modules/bluebird/js/release/promise.js:693:18)
    at Async._drainQueue (/home/git_hub/blog/zjy/node_modules/bluebird/js/release/async.js:133:16)
    at Async._drainQueues (/home/git_hub/blog/zjy/node_modules/bluebird/js/release/async.js:143:10)
    at Immediate.Async.drainQueues (/home/git_hub/blog/zjy/node_modules/bluebird/js/release/async.js:17:14)
    at runCallback (timers.js:666:20)
    at tryOnImmediate (timers.js:639:5)
    at processImmediate [as _immediateCallback] (timers.js:611:5)
