[DEBUG] [2016-09-06 10:18:26][org.mybatis.generator.internal.db.DatabaseIntrospector]Retrieving column information for table "t_user"
[DEBUG] [2016-09-06 10:18:26][org.mybatis.generator.internal.db.DatabaseIntrospector]Found column "id", data type 12, in table "maventest..t_user"
[DEBUG] [2016-09-06 10:18:26][org.mybatis.generator.internal.db.DatabaseIntrospector]Found column "username", data type 12, in table "maventest..t_user"
[DEBUG] [2016-09-06 10:18:26][org.mybatis.generator.internal.db.DatabaseIntrospector]Found column "realname", data type 12, in table "maventest..t_user"
[DEBUG] [2016-09-06 10:18:26][org.mybatis.generator.internal.db.DatabaseIntrospector]Found column "password", data type 12, in table "maventest..t_user"
[DEBUG] [2016-09-06 10:18:26][org.mybatis.generator.internal.db.DatabaseIntrospector]Found column "sex", data type 12, in table "maventest..t_user"
[DEBUG] [2016-09-06 10:18:26][org.mybatis.generator.internal.db.DatabaseIntrospector]Found column "mobile", data type 12, in table "maventest..t_user"
[DEBUG] [2016-09-06 10:18:26][org.mybatis.generator.internal.db.DatabaseIntrospector]Found column "political_status", data type 12, in table "maventest..t_user"
[DEBUG] [2016-09-06 10:18:26][org.mybatis.generator.internal.db.DatabaseIntrospector]Found column "birthday", data type 91, in table "maventest..t_user"
[DEBUG] [2016-09-06 10:18:26][org.mybatis.generator.internal.db.DatabaseIntrospector]Found column "address", data type -1, in table "maventest..t_user"
[DEBUG] [2016-09-06 10:18:26][org.mybatis.generator.internal.db.DatabaseIntrospector]Found column "organization_id", data type 12, in table "maventest..t_user"
[DEBUG] [2016-09-06 10:18:26][org.mybatis.generator.internal.db.DatabaseIntrospector]Found column "has_Role", data type 12, in table "maventest..t_user"
[DEBUG] [2016-09-06 10:18:26][org.mybatis.generator.internal.db.DatabaseIntrospector]Found column "is_effective", data type 12, in table "maventest..t_user"
[DEBUG] [2016-09-06 10:18:26][org.mybatis.generator.internal.db.DatabaseIntrospector]Found column "create_time", data type 93, in table "maventest..t_user"
[DEBUG] [2016-09-06 10:18:26][org.mybatis.generator.internal.db.DatabaseIntrospector]Found column "update_time", data type 93, in table "maventest..t_user"
[DEBUG] [2016-09-06 10:18:26][org.mybatis.generator.internal.db.DatabaseIntrospector]Found column "create_user", data type 12, in table "maventest..t_user"
[DEBUG] [2016-09-06 10:20:57][org.mybatis.generator.internal.db.DatabaseIntrospector]Retrieving column information for table "t_user"
[DEBUG] [2016-09-06 10:20:57][org.mybatis.generator.internal.db.DatabaseIntrospector]Found column "id", data type 12, in table "maventest..t_user"
[DEBUG] [2016-09-06 10:20:57][org.mybatis.generator.internal.db.DatabaseIntrospector]Found column "username", data type 12, in table "maventest..t_user"
[DEBUG] [2016-09-06 10:20:57][org.mybatis.generator.internal.db.DatabaseIntrospector]Found column "realname", data type 12, in table "maventest..t_user"
[DEBUG] [2016-09-06 10:20:57][org.mybatis.generator.internal.db.DatabaseIntrospector]Found column "password", data type 12, in table "maventest..t_user"
[DEBUG] [2016-09-06 10:20:57][org.mybatis.generator.internal.db.DatabaseIntrospector]Found column "sex", data type 12, in table "maventest..t_user"
[DEBUG] [2016-09-06 10:20:57][org.mybatis.generator.internal.db.DatabaseIntrospector]Found column "mobile", data type 12, in table "maventest..t_user"
[DEBUG] [2016-09-06 10:20:57][org.mybatis.generator.internal.db.DatabaseIntrospector]Found column "political_status", data type 12, in table "maventest..t_user"
[DEBUG] [2016-09-06 10:20:57][org.mybatis.generator.internal.db.DatabaseIntrospector]Found column "birthday", data type 91, in table "maventest..t_user"
[DEBUG] [2016-09-06 10:20:57][org.mybatis.generator.internal.db.DatabaseIntrospector]Found column "address", data type -1, in table "maventest..t_user"
[DEBUG] [2016-09-06 10:20:57][org.mybatis.generator.internal.db.DatabaseIntrospector]Found column "organization_id", data type 12, in table "maventest..t_user"
[DEBUG] [2016-09-06 10:20:57][org.mybatis.generator.internal.db.DatabaseIntrospector]Found column "has_Role", data type 12, in table "maventest..t_user"
[DEBUG] [2016-09-06 10:20:57][org.mybatis.generator.internal.db.DatabaseIntrospector]Found column "is_effective", data type 12, in table "maventest..t_user"
[DEBUG] [2016-09-06 10:20:57][org.mybatis.generator.internal.db.DatabaseIntrospector]Found column "create_time", data type 93, in table "maventest..t_user"
[DEBUG] [2016-09-06 10:20:57][org.mybatis.generator.internal.db.DatabaseIntrospector]Found column "update_time", data type 93, in table "maventest..t_user"
[DEBUG] [2016-09-06 10:20:57][org.mybatis.generator.internal.db.DatabaseIntrospector]Found column "create_user", data type 12, in table "maventest..t_user"
[DEBUG] [2016-09-06 10:23:05][org.mybatis.generator.internal.db.DatabaseIntrospector]Retrieving column information for table "t_user"
[DEBUG] [2016-09-06 10:23:05][org.mybatis.generator.internal.db.DatabaseIntrospector]Found column "id", data type 12, in table "maventest..t_user"
[DEBUG] [2016-09-06 10:23:05][org.mybatis.generator.internal.db.DatabaseIntrospector]Found column "username", data type 12, in table "maventest..t_user"
[DEBUG] [2016-09-06 10:23:05][org.mybatis.generator.internal.db.DatabaseIntrospector]Found column "realname", data type 12, in table "maventest..t_user"
[DEBUG] [2016-09-06 10:23:05][org.mybatis.generator.internal.db.DatabaseIntrospector]Found column "password", data type 12, in table "maventest..t_user"
[DEBUG] [2016-09-06 10:23:05][org.mybatis.generator.internal.db.DatabaseIntrospector]Found column "sex", data type 12, in table "maventest..t_user"
[DEBUG] [2016-09-06 10:23:05][org.mybatis.generator.internal.db.DatabaseIntrospector]Found column "mobile", data type 12, in table "maventest..t_user"
[DEBUG] [2016-09-06 10:23:05][org.mybatis.generator.internal.db.DatabaseIntrospector]Found column "political_status", data type 12, in table "maventest..t_user"
[DEBUG] [2016-09-06 10:23:05][org.mybatis.generator.internal.db.DatabaseIntrospector]Found column "birthday", data type 91, in table "maventest..t_user"
[DEBUG] [2016-09-06 10:23:05][org.mybatis.generator.internal.db.DatabaseIntrospector]Found column "address", data type -1, in table "maventest..t_user"
[DEBUG] [2016-09-06 10:23:05][org.mybatis.generator.internal.db.DatabaseIntrospector]Found column "organization_id", data type 12, in table "maventest..t_user"
[DEBUG] [2016-09-06 10:23:05][org.mybatis.generator.internal.db.DatabaseIntrospector]Found column "has_Role", data type 12, in table "maventest..t_user"
[DEBUG] [2016-09-06 10:23:05][org.mybatis.generator.internal.db.DatabaseIntrospector]Found column "is_effective", data type 12, in table "maventest..t_user"
[DEBUG] [2016-09-06 10:23:05][org.mybatis.generator.internal.db.DatabaseIntrospector]Found column "create_time", data type 93, in table "maventest..t_user"
[DEBUG] [2016-09-06 10:23:05][org.mybatis.generator.internal.db.DatabaseIntrospector]Found column "update_time", data type 93, in table "maventest..t_user"
[DEBUG] [2016-09-06 10:23:05][org.mybatis.generator.internal.db.DatabaseIntrospector]Found column "create_user", data type 12, in table "maventest..t_user"
[DEBUG] [2016-09-06 10:37:20][org.mybatis.generator.internal.db.DatabaseIntrospector]Retrieving column information for table "t_user"
[DEBUG] [2016-09-06 10:37:21][org.mybatis.generator.internal.db.DatabaseIntrospector]Found column "id", data type 12, in table "maventest..t_user"
[DEBUG] [2016-09-06 10:37:21][org.mybatis.generator.internal.db.DatabaseIntrospector]Found column "username", data type 12, in table "maventest..t_user"
[DEBUG] [2016-09-06 10:37:21][org.mybatis.generator.internal.db.DatabaseIntrospector]Found column "realname", data type 12, in table "maventest..t_user"
[DEBUG] [2016-09-06 10:37:21][org.mybatis.generator.internal.db.DatabaseIntrospector]Found column "password", data type 12, in table "maventest..t_user"
[DEBUG] [2016-09-06 10:37:21][org.mybatis.generator.internal.db.DatabaseIntrospector]Found column "sex", data type 12, in table "maventest..t_user"
[DEBUG] [2016-09-06 10:37:21][org.mybatis.generator.internal.db.DatabaseIntrospector]Found column "mobile", data type 12, in table "maventest..t_user"
[DEBUG] [2016-09-06 10:37:21][org.mybatis.generator.internal.db.DatabaseIntrospector]Found column "political_status", data type 12, in table "maventest..t_user"
[DEBUG] [2016-09-06 10:37:21][org.mybatis.generator.internal.db.DatabaseIntrospector]Found column "birthday", data type 91, in table "maventest..t_user"
[DEBUG] [2016-09-06 10:37:21][org.mybatis.generator.internal.db.DatabaseIntrospector]Found column "address", data type -1, in table "maventest..t_user"
[DEBUG] [2016-09-06 10:37:21][org.mybatis.generator.internal.db.DatabaseIntrospector]Found column "organization_id", data type 12, in table "maventest..t_user"
[DEBUG] [2016-09-06 10:37:21][org.mybatis.generator.internal.db.DatabaseIntrospector]Found column "has_Role", data type 12, in table "maventest..t_user"
[DEBUG] [2016-09-06 10:37:21][org.mybatis.generator.internal.db.DatabaseIntrospector]Found column "is_effective", data type 12, in table "maventest..t_user"
[DEBUG] [2016-09-06 10:37:21][org.mybatis.generator.internal.db.DatabaseIntrospector]Found column "create_time", data type 93, in table "maventest..t_user"
[DEBUG] [2016-09-06 10:37:21][org.mybatis.generator.internal.db.DatabaseIntrospector]Found column "update_time", data type 93, in table "maventest..t_user"
[DEBUG] [2016-09-06 10:37:21][org.mybatis.generator.internal.db.DatabaseIntrospector]Found column "create_user", data type 12, in table "maventest..t_user"
[DEBUG] [2016-09-06 10:39:07][org.mybatis.generator.internal.db.DatabaseIntrospector]Retrieving column information for table "t_user"
[DEBUG] [2016-09-06 10:39:07][org.mybatis.generator.internal.db.DatabaseIntrospector]Found column "id", data type 12, in table "maventest..t_user"
[DEBUG] [2016-09-06 10:39:07][org.mybatis.generator.internal.db.DatabaseIntrospector]Found column "username", data type 12, in table "maventest..t_user"
[DEBUG] [2016-09-06 10:39:07][org.mybatis.generator.internal.db.DatabaseIntrospector]Found column "realname", data type 12, in table "maventest..t_user"
[DEBUG] [2016-09-06 10:39:07][org.mybatis.generator.internal.db.DatabaseIntrospector]Found column "password", data type 12, in table "maventest..t_user"
[DEBUG] [2016-09-06 10:39:07][org.mybatis.generator.internal.db.DatabaseIntrospector]Found column "sex", data type 12, in table "maventest..t_user"
[DEBUG] [2016-09-06 10:39:07][org.mybatis.generator.internal.db.DatabaseIntrospector]Found column "mobile", data type 12, in table "maventest..t_user"
[DEBUG] [2016-09-06 10:39:07][org.mybatis.generator.internal.db.DatabaseIntrospector]Found column "political_status", data type 12, in table "maventest..t_user"
[DEBUG] [2016-09-06 10:39:07][org.mybatis.generator.internal.db.DatabaseIntrospector]Found column "birthday", data type 91, in table "maventest..t_user"
[DEBUG] [2016-09-06 10:39:07][org.mybatis.generator.internal.db.DatabaseIntrospector]Found column "address", data type -1, in table "maventest..t_user"
[DEBUG] [2016-09-06 10:39:07][org.mybatis.generator.internal.db.DatabaseIntrospector]Found column "organization_id", data type 12, in table "maventest..t_user"
[DEBUG] [2016-09-06 10:39:07][org.mybatis.generator.internal.db.DatabaseIntrospector]Found column "has_Role", data type 12, in table "maventest..t_user"
[DEBUG] [2016-09-06 10:39:07][org.mybatis.generator.internal.db.DatabaseIntrospector]Found column "is_effective", data type 12, in table "maventest..t_user"
[DEBUG] [2016-09-06 10:39:07][org.mybatis.generator.internal.db.DatabaseIntrospector]Found column "create_time", data type 93, in table "maventest..t_user"
[DEBUG] [2016-09-06 10:39:07][org.mybatis.generator.internal.db.DatabaseIntrospector]Found column "update_time", data type 93, in table "maventest..t_user"
[DEBUG] [2016-09-06 10:39:07][org.mybatis.generator.internal.db.DatabaseIntrospector]Found column "create_user", data type 12, in table "maventest..t_user"
[DEBUG] [2016-09-06 13:24:58][org.mybatis.generator.internal.db.DatabaseIntrospector]Retrieving column information for table "stud"
[DEBUG] [2016-09-06 13:24:58][org.mybatis.generator.internal.db.DatabaseIntrospector]Found column "id", data type 12, in table "maventest..stud"
[DEBUG] [2016-09-06 13:24:58][org.mybatis.generator.internal.db.DatabaseIntrospector]Found column "name", data type 12, in table "maventest..stud"
[DEBUG] [2016-09-06 13:24:58][org.mybatis.generator.internal.db.DatabaseIntrospector]Found column "score", data type 4, in table "maventest..stud"
[DEBUG] [2016-09-06 13:24:58][org.mybatis.generator.internal.db.DatabaseIntrospector]Found column "subject", data type 12, in table "maventest..stud"
[DEBUG] [2016-09-06 13:42:26][org.mybatis.generator.internal.db.DatabaseIntrospector]Retrieving column information for table "stud"
[DEBUG] [2016-09-06 13:42:26][org.mybatis.generator.internal.db.DatabaseIntrospector]Found column "id", data type 12, in table "maventest..stud"
[DEBUG] [2016-09-06 13:42:26][org.mybatis.generator.internal.db.DatabaseIntrospector]Found column "name", data type 12, in table "maventest..stud"
[DEBUG] [2016-09-06 13:42:26][org.mybatis.generator.internal.db.DatabaseIntrospector]Found column "score", data type 4, in table "maventest..stud"
[DEBUG] [2016-09-06 13:42:26][org.mybatis.generator.internal.db.DatabaseIntrospector]Found column "subject", data type 12, in table "maventest..stud"
[DEBUG] [2016-09-06 13:49:59][org.mybatis.generator.internal.db.DatabaseIntrospector]Retrieving column information for table "stud"
[DEBUG] [2016-09-06 13:49:59][org.mybatis.generator.internal.db.DatabaseIntrospector]Found column "id", data type 12, in table "maventest..stud"
[DEBUG] [2016-09-06 13:49:59][org.mybatis.generator.internal.db.DatabaseIntrospector]Found column "name", data type 12, in table "maventest..stud"
[DEBUG] [2016-09-06 13:49:59][org.mybatis.generator.internal.db.DatabaseIntrospector]Found column "score", data type 4, in table "maventest..stud"
[DEBUG] [2016-09-06 13:49:59][org.mybatis.generator.internal.db.DatabaseIntrospector]Found column "subject", data type 12, in table "maventest..stud"
[DEBUG] [2016-09-06 13:50:57][org.mybatis.generator.internal.db.DatabaseIntrospector]Retrieving column information for table "stud"
[DEBUG] [2016-09-06 13:50:57][org.mybatis.generator.internal.db.DatabaseIntrospector]Found column "id", data type 12, in table "maventest..stud"
[DEBUG] [2016-09-06 13:50:57][org.mybatis.generator.internal.db.DatabaseIntrospector]Found column "name", data type 12, in table "maventest..stud"
[DEBUG] [2016-09-06 13:50:57][org.mybatis.generator.internal.db.DatabaseIntrospector]Found column "score", data type 4, in table "maventest..stud"
[DEBUG] [2016-09-06 13:50:57][org.mybatis.generator.internal.db.DatabaseIntrospector]Found column "subject", data type 12, in table "maventest..stud"
[DEBUG] [2016-09-06 13:54:24][org.mybatis.generator.internal.db.DatabaseIntrospector]Retrieving column information for table "stud"
[DEBUG] [2016-09-06 13:54:24][org.mybatis.generator.internal.db.DatabaseIntrospector]Found column "id", data type 12, in table "maventest..stud"
[DEBUG] [2016-09-06 13:54:24][org.mybatis.generator.internal.db.DatabaseIntrospector]Found column "name", data type 12, in table "maventest..stud"
[DEBUG] [2016-09-06 13:54:24][org.mybatis.generator.internal.db.DatabaseIntrospector]Found column "score", data type 4, in table "maventest..stud"
[DEBUG] [2016-09-06 13:54:24][org.mybatis.generator.internal.db.DatabaseIntrospector]Found column "subject", data type 12, in table "maventest..stud"
